<?xml version="1.0" encoding="UTF-8"?>
<testsuite xmlns:xsi="http://www.w3.org/2001/XMLSchema-instance" xsi:noNamespaceSchemaLocation="https://maven.apache.org/surefire/maven-surefire-plugin/xsd/surefire-test-report.xsd" name="tests.com.mcmaster.utility.net.TestCases" time="0.711" tests="3" errors="0" skipped="0" failures="0">
  <properties>
    <property name="sun.desktop" value="gnome"/>
    <property name="awt.toolkit" value="sun.awt.X11.XToolkit"/>
    <property name="java.specification.version" value="11"/>
    <property name="sun.cpu.isalist" value=""/>
    <property name="sun.jnu.encoding" value="UTF-8"/>
    <property name="java.class.path" value="/home/alessandrofazio/Projects/bank-project-infra/lambda/get-thumbprint/GetThumbprint/target/test-classes:/home/alessandrofazio/Projects/bank-project-infra/lambda/get-thumbprint/GetThumbprint/target/classes:/home/alessandrofazio/.m2/repository/org/junit/jupiter/junit-jupiter-api/5.4.2/junit-jupiter-api-5.4.2.jar:/home/alessandrofazio/.m2/repository/org/apiguardian/apiguardian-api/1.0.0/apiguardian-api-1.0.0.jar:/home/alessandrofazio/.m2/repository/org/opentest4j/opentest4j/1.1.1/opentest4j-1.1.1.jar:/home/alessandrofazio/.m2/repository/org/junit/platform/junit-platform-commons/1.4.2/junit-platform-commons-1.4.2.jar:/home/alessandrofazio/.m2/repository/org/junit/jupiter/junit-jupiter-engine/5.4.2/junit-jupiter-engine-5.4.2.jar:/home/alessandrofazio/.m2/repository/org/junit/platform/junit-platform-engine/1.4.2/junit-platform-engine-1.4.2.jar:/home/alessandrofazio/.m2/repository/com/amazonaws/aws-lambda-java-events/1.3.0/aws-lambda-java-events-1.3.0.jar:/home/alessandrofazio/.m2/repository/com/amazonaws/aws-java-sdk-s3/1.11.256/aws-java-sdk-s3-1.11.256.jar:/home/alessandrofazio/.m2/repository/com/amazonaws/aws-java-sdk-kms/1.11.256/aws-java-sdk-kms-1.11.256.jar:/home/alessandrofazio/.m2/repository/com/amazonaws/aws-java-sdk-core/1.11.256/aws-java-sdk-core-1.11.256.jar:/home/alessandrofazio/.m2/repository/commons-logging/commons-logging/1.1.3/commons-logging-1.1.3.jar:/home/alessandrofazio/.m2/repository/org/apache/httpcomponents/httpclient/4.5.2/httpclient-4.5.2.jar:/home/alessandrofazio/.m2/repository/org/apache/httpcomponents/httpcore/4.4.4/httpcore-4.4.4.jar:/home/alessandrofazio/.m2/repository/commons-codec/commons-codec/1.9/commons-codec-1.9.jar:/home/alessandrofazio/.m2/repository/software/amazon/ion/ion-java/1.0.2/ion-java-1.0.2.jar:/home/alessandrofazio/.m2/repository/com/fasterxml/jackson/core/jackson-databind/2.6.7.1/jackson-databind-2.6.7.1.jar:/home/alessandrofazio/.m2/repository/com/fasterxml/jackson/core/jackson-annotations/2.6.0/jackson-annotations-2.6.0.jar:/home/alessandrofazio/.m2/repository/com/fasterxml/jackson/core/jackson-core/2.6.7/jackson-core-2.6.7.jar:/home/alessandrofazio/.m2/repository/com/fasterxml/jackson/dataformat/jackson-dataformat-cbor/2.6.7/jackson-dataformat-cbor-2.6.7.jar:/home/alessandrofazio/.m2/repository/joda-time/joda-time/2.8.1/joda-time-2.8.1.jar:/home/alessandrofazio/.m2/repository/com/amazonaws/jmespath-java/1.11.256/jmespath-java-1.11.256.jar:/home/alessandrofazio/.m2/repository/com/amazonaws/aws-java-sdk-sns/1.11.256/aws-java-sdk-sns-1.11.256.jar:/home/alessandrofazio/.m2/repository/com/amazonaws/aws-java-sdk-sqs/1.11.256/aws-java-sdk-sqs-1.11.256.jar:/home/alessandrofazio/.m2/repository/com/amazonaws/aws-java-sdk-cognitoidentity/1.11.256/aws-java-sdk-cognitoidentity-1.11.256.jar:/home/alessandrofazio/.m2/repository/com/amazonaws/aws-java-sdk-kinesis/1.11.256/aws-java-sdk-kinesis-1.11.256.jar:/home/alessandrofazio/.m2/repository/com/amazonaws/aws-java-sdk-dynamodb/1.11.256/aws-java-sdk-dynamodb-1.11.256.jar:/home/alessandrofazio/.m2/repository/com/amazonaws/aws-lambda-java-core/1.1.0/aws-lambda-java-core-1.1.0.jar:/home/alessandrofazio/.m2/repository/javax/xml/bind/jaxb-api/2.3.1/jaxb-api-2.3.1.jar:/home/alessandrofazio/.m2/repository/javax/activation/javax.activation-api/1.2.0/javax.activation-api-1.2.0.jar:"/>
    <property name="java.vm.vendor" value="Ubuntu"/>
    <property name="sun.arch.data.model" value="64"/>
    <property name="java.vendor.url" value="https://ubuntu.com/"/>
    <property name="user.timezone" value=""/>
    <property name="java.vm.specification.version" value="11"/>
    <property name="os.name" value="Linux"/>
    <property name="sun.java.launcher" value="SUN_STANDARD"/>
    <property name="user.country" value="IT"/>
    <property name="sun.boot.library.path" value="/usr/lib/jvm/java-11-openjdk-amd64/lib"/>
    <property name="sun.java.command" value="/home/alessandrofazio/Projects/bank-project-infra/lambda/get-thumbprint/GetThumbprint/target/surefire/surefirebooter5547587509935040939.jar /home/alessandrofazio/Projects/bank-project-infra/lambda/get-thumbprint/GetThumbprint/target/surefire 2023-11-11T12-48-20_857-jvmRun1 surefire6123041233663773875tmp surefire_012948864709358777263tmp"/>
    <property name="jdk.debug" value="release"/>
    <property name="surefire.test.class.path" value="/home/alessandrofazio/Projects/bank-project-infra/lambda/get-thumbprint/GetThumbprint/target/test-classes:/home/alessandrofazio/Projects/bank-project-infra/lambda/get-thumbprint/GetThumbprint/target/classes:/home/alessandrofazio/.m2/repository/org/junit/jupiter/junit-jupiter-api/5.4.2/junit-jupiter-api-5.4.2.jar:/home/alessandrofazio/.m2/repository/org/apiguardian/apiguardian-api/1.0.0/apiguardian-api-1.0.0.jar:/home/alessandrofazio/.m2/repository/org/opentest4j/opentest4j/1.1.1/opentest4j-1.1.1.jar:/home/alessandrofazio/.m2/repository/org/junit/platform/junit-platform-commons/1.4.2/junit-platform-commons-1.4.2.jar:/home/alessandrofazio/.m2/repository/org/junit/jupiter/junit-jupiter-engine/5.4.2/junit-jupiter-engine-5.4.2.jar:/home/alessandrofazio/.m2/repository/org/junit/platform/junit-platform-engine/1.4.2/junit-platform-engine-1.4.2.jar:/home/alessandrofazio/.m2/repository/com/amazonaws/aws-lambda-java-events/1.3.0/aws-lambda-java-events-1.3.0.jar:/home/alessandrofazio/.m2/repository/com/amazonaws/aws-java-sdk-s3/1.11.256/aws-java-sdk-s3-1.11.256.jar:/home/alessandrofazio/.m2/repository/com/amazonaws/aws-java-sdk-kms/1.11.256/aws-java-sdk-kms-1.11.256.jar:/home/alessandrofazio/.m2/repository/com/amazonaws/aws-java-sdk-core/1.11.256/aws-java-sdk-core-1.11.256.jar:/home/alessandrofazio/.m2/repository/commons-logging/commons-logging/1.1.3/commons-logging-1.1.3.jar:/home/alessandrofazio/.m2/repository/org/apache/httpcomponents/httpclient/4.5.2/httpclient-4.5.2.jar:/home/alessandrofazio/.m2/repository/org/apache/httpcomponents/httpcore/4.4.4/httpcore-4.4.4.jar:/home/alessandrofazio/.m2/repository/commons-codec/commons-codec/1.9/commons-codec-1.9.jar:/home/alessandrofazio/.m2/repository/software/amazon/ion/ion-java/1.0.2/ion-java-1.0.2.jar:/home/alessandrofazio/.m2/repository/com/fasterxml/jackson/core/jackson-databind/2.6.7.1/jackson-databind-2.6.7.1.jar:/home/alessandrofazio/.m2/repository/com/fasterxml/jackson/core/jackson-annotations/2.6.0/jackson-annotations-2.6.0.jar:/home/alessandrofazio/.m2/repository/com/fasterxml/jackson/core/jackson-core/2.6.7/jackson-core-2.6.7.jar:/home/alessandrofazio/.m2/repository/com/fasterxml/jackson/dataformat/jackson-dataformat-cbor/2.6.7/jackson-dataformat-cbor-2.6.7.jar:/home/alessandrofazio/.m2/repository/joda-time/joda-time/2.8.1/joda-time-2.8.1.jar:/home/alessandrofazio/.m2/repository/com/amazonaws/jmespath-java/1.11.256/jmespath-java-1.11.256.jar:/home/alessandrofazio/.m2/repository/com/amazonaws/aws-java-sdk-sns/1.11.256/aws-java-sdk-sns-1.11.256.jar:/home/alessandrofazio/.m2/repository/com/amazonaws/aws-java-sdk-sqs/1.11.256/aws-java-sdk-sqs-1.11.256.jar:/home/alessandrofazio/.m2/repository/com/amazonaws/aws-java-sdk-cognitoidentity/1.11.256/aws-java-sdk-cognitoidentity-1.11.256.jar:/home/alessandrofazio/.m2/repository/com/amazonaws/aws-java-sdk-kinesis/1.11.256/aws-java-sdk-kinesis-1.11.256.jar:/home/alessandrofazio/.m2/repository/com/amazonaws/aws-java-sdk-dynamodb/1.11.256/aws-java-sdk-dynamodb-1.11.256.jar:/home/alessandrofazio/.m2/repository/com/amazonaws/aws-lambda-java-core/1.1.0/aws-lambda-java-core-1.1.0.jar:/home/alessandrofazio/.m2/repository/javax/xml/bind/jaxb-api/2.3.1/jaxb-api-2.3.1.jar:/home/alessandrofazio/.m2/repository/javax/activation/javax.activation-api/1.2.0/javax.activation-api-1.2.0.jar:"/>
    <property name="sun.cpu.endian" value="little"/>
    <property name="user.home" value="/home/alessandrofazio"/>
    <property name="user.language" value="it"/>
    <property name="java.specification.vendor" value="Oracle Corporation"/>
    <property name="java.version.date" value="2023-08-24"/>
    <property name="java.home" value="/usr/lib/jvm/java-11-openjdk-amd64"/>
    <property name="file.separator" value="/"/>
    <property name="basedir" value="/home/alessandrofazio/Projects/bank-project-infra/lambda/get-thumbprint/GetThumbprint"/>
    <property name="java.vm.compressedOopsMode" value="Zero based"/>
    <property name="line.separator" value="&#10;"/>
    <property name="java.specification.name" value="Java Platform API Specification"/>
    <property name="java.vm.specification.vendor" value="Oracle Corporation"/>
    <property name="java.awt.graphicsenv" value="sun.awt.X11GraphicsEnvironment"/>
    <property name="surefire.real.class.path" value="/home/alessandrofazio/Projects/bank-project-infra/lambda/get-thumbprint/GetThumbprint/target/surefire/surefirebooter5547587509935040939.jar"/>
    <property name="sun.management.compiler" value="HotSpot 64-Bit Tiered Compilers"/>
    <property name="java.runtime.version" value="11.0.20.1+1-post-Ubuntu-0ubuntu122.04"/>
    <property name="user.name" value="alessandrofazio"/>
    <property name="path.separator" value=":"/>
    <property name="os.version" value="6.2.0-36-generic"/>
    <property name="java.runtime.name" value="OpenJDK Runtime Environment"/>
    <property name="file.encoding" value="UTF-8"/>
    <property name="java.vm.name" value="OpenJDK 64-Bit Server VM"/>
    <property name="localRepository" value="/home/alessandrofazio/.m2/repository"/>
    <property name="java.vendor.url.bug" value="https://bugs.launchpad.net/ubuntu/+source/openjdk-lts"/>
    <property name="java.io.tmpdir" value="/tmp"/>
    <property name="java.version" value="11.0.20.1"/>
    <property name="user.dir" value="/home/alessandrofazio/Projects/bank-project-infra/lambda/get-thumbprint/GetThumbprint"/>
    <property name="os.arch" value="amd64"/>
    <property name="java.vm.specification.name" value="Java Virtual Machine Specification"/>
    <property name="java.awt.printerjob" value="sun.print.PSPrinterJob"/>
    <property name="sun.os.patch.level" value="unknown"/>
    <property name="java.library.path" value="/usr/java/packages/lib:/usr/lib/x86_64-linux-gnu/jni:/lib/x86_64-linux-gnu:/usr/lib/x86_64-linux-gnu:/usr/lib/jni:/lib:/usr/lib"/>
    <property name="java.vm.info" value="mixed mode, sharing"/>
    <property name="java.vendor" value="Ubuntu"/>
    <property name="java.vm.version" value="11.0.20.1+1-post-Ubuntu-0ubuntu122.04"/>
    <property name="java.specification.maintenance.version" value="2"/>
    <property name="sun.io.unicode.encoding" value="UnicodeLittle"/>
    <property name="java.class.version" value="55.0"/>
  </properties>
  <testcase name="testThumbrpintRetrievalWithProxyl" classname="tests.com.mcmaster.utility.net.TestCases" time="0.426"/>
  <testcase name="testThumbrpintRetrieval" classname="tests.com.mcmaster.utility.net.TestCases" time="0.244"/>
  <testcase name="testErrorHandling" classname="tests.com.mcmaster.utility.net.TestCases" time="0.036"/>
</testsuite>